<?xml version="1.0" encoding="UTF-8"?>
<!-- Generated by org.testng.reporters.JUnitReportReporter -->
<testsuite hostname="Rupalis-MacBook-Pro.local" failures="0" tests="2" name="com.pvai.qa.testcases.HomeValuesTest" time="12.083" errors="0" timestamp="2023-02-21T16:52:30 GMT-08:00" skipped="0">
  <testcase classname="com.pvai.qa.testcases.HomeValuesTest" name="homeRealEstateTest" time="3.267"/>
  <system-out/>
  <testcase classname="com.pvai.qa.testcases.HomeValuesTest" name="searchHomeValuesFormTest" time="8.816"/>
  <system-out/>
</testsuite> <!-- com.pvai.qa.testcases.HomeValuesTest -->
