<?xml version="1.0" encoding="UTF-8"?>
<!-- Generated by org.testng.reporters.JUnitReportReporter -->
<testsuite hostname="Rupalis-MacBook-Pro.local" failures="0" tests="2" name="com.pvai.qa.testcases.HomeValuesTest" time="9.598" errors="0" timestamp="2023-02-21T13:47:57 GMT-08:00" skipped="0">
  <testcase classname="com.pvai.qa.testcases.HomeValuesTest" name="homeRealEstateTest" time="3.242"/>
  <system-out/>
  <testcase classname="com.pvai.qa.testcases.HomeValuesTest" name="searchHomeValuesFormTest" time="6.356"/>
  <system-out/>
</testsuite> <!-- com.pvai.qa.testcases.HomeValuesTest -->
